170424 15:38:32 INFO | Use default config for monkey test--[monkey_server.py:19]
170424 15:38:33 INFO | start server--[monkey_server.py:39]
170424 15:38:40 DEBUG | get the device info: {'Coolpad8675-FHD': 'a82ef248'}--[base.py:64]
170424 15:38:40 DEBUG | current device dict: {'Coolpad8675-FHD': 'a82ef248'}--[device_monitor.py:27]
170424 15:38:40 DEBUG | Config.device_dict is {}--[device_monitor.py:28]
170424 15:38:40 DEBUG | new device dict is: {'Coolpad8675-FHD': 'a82ef248'}--[device_monitor.py:35]
170424 15:38:40 INFO | changed device: {'Coolpad8675-FHD': 'a82ef248'}--[monkey.py:189]
170424 15:38:45 DEBUG | get the device info: {'Coolpad8675-FHD': 'a82ef248'}--[base.py:64]
170424 15:38:45 DEBUG | current device dict: {'Coolpad8675-FHD': 'a82ef248'}--[device_monitor.py:27]
170424 15:38:45 DEBUG | Config.device_dict is {'Coolpad8675-FHD': 'a82ef248'}--[device_monitor.py:28]
170424 15:38:46 DEBUG | This system is Mac--[monkey_stop.py:60]
170424 15:38:46 INFO | no monkey running in Coolpad8675-FHD--[monkey_stop.py:31]
170424 15:38:46 INFO | start monkey with Coolpad8675-FHD--[monkey.py:101]
170424 15:38:46 INFO | Monkey cmd: /Users/Admin/Public/Android/sdk/platform-tools/adb -s a82ef248 shell monkey -s 281 -p com.ijuyin.prints.news -v  --throttle 500 --pct-trackball 0 --pct-syskeys 5 --pct-nav 0 --pct-anyevent 0 1000   > /Users/Admin/Desktop/monkey_android-master/performance/monkey/monkeylog/2017-04-24/Coolpad8675-FHD_04-24~15-38-46.txt--[monkey.py:108]
170424 15:38:50 DEBUG | get the device info: {'Coolpad8675-FHD': 'a82ef248'}--[base.py:64]
170424 15:38:50 DEBUG | current device dict: {'Coolpad8675-FHD': 'a82ef248'}--[device_monitor.py:27]
170424 15:38:50 DEBUG | Config.device_dict is {'Coolpad8675-FHD': 'a82ef248'}--[device_monitor.py:28]
170424 15:38:55 DEBUG | get the device info: {'Coolpad8675-FHD': 'a82ef248'}--[base.py:64]
170424 15:38:55 DEBUG | current device dict: {'Coolpad8675-FHD': 'a82ef248'}--[device_monitor.py:27]
170424 15:38:55 DEBUG | Config.device_dict is {'Coolpad8675-FHD': 'a82ef248'}--[device_monitor.py:28]
170424 15:39:00 DEBUG | get the device info: {'Coolpad8675-FHD': 'a82ef248'}--[base.py:64]
170424 15:39:00 DEBUG | current device dict: {'Coolpad8675-FHD': 'a82ef248'}--[device_monitor.py:27]
170424 15:39:00 DEBUG | Config.device_dict is {'Coolpad8675-FHD': 'a82ef248'}--[device_monitor.py:28]
170424 15:39:05 DEBUG | get the device info: {'Coolpad8675-FHD': 'a82ef248'}--[base.py:64]
170424 15:39:05 DEBUG | current device dict: {'Coolpad8675-FHD': 'a82ef248'}--[device_monitor.py:27]
170424 15:39:05 DEBUG | Config.device_dict is {'Coolpad8675-FHD': 'a82ef248'}--[device_monitor.py:28]
170424 15:39:10 DEBUG | get the device info: {'Coolpad8675-FHD': 'a82ef248'}--[base.py:64]
170424 15:39:10 DEBUG | current device dict: {'Coolpad8675-FHD': 'a82ef248'}--[device_monitor.py:27]
170424 15:39:10 DEBUG | Config.device_dict is {'Coolpad8675-FHD': 'a82ef248'}--[device_monitor.py:28]
170424 15:39:15 DEBUG | get the device info: {'Coolpad8675-FHD': 'a82ef248'}--[base.py:64]
170424 15:39:15 DEBUG | current device dict: {'Coolpad8675-FHD': 'a82ef248'}--[device_monitor.py:27]
170424 15:39:15 DEBUG | Config.device_dict is {'Coolpad8675-FHD': 'a82ef248'}--[device_monitor.py:28]
170424 15:39:20 DEBUG | get the device info: {'Coolpad8675-FHD': 'a82ef248'}--[base.py:64]
170424 15:39:20 DEBUG | current device dict: {'Coolpad8675-FHD': 'a82ef248'}--[device_monitor.py:27]
170424 15:39:20 DEBUG | Config.device_dict is {'Coolpad8675-FHD': 'a82ef248'}--[device_monitor.py:28]
170424 15:39:25 DEBUG | get the device info: {'Coolpad8675-FHD': 'a82ef248'}--[base.py:64]
170424 15:39:25 DEBUG | current device dict: {'Coolpad8675-FHD': 'a82ef248'}--[device_monitor.py:27]
170424 15:39:25 DEBUG | Config.device_dict is {'Coolpad8675-FHD': 'a82ef248'}--[device_monitor.py:28]
170424 15:39:30 DEBUG | get the device info: {'Coolpad8675-FHD': 'a82ef248'}--[base.py:64]
170424 15:39:30 DEBUG | current device dict: {'Coolpad8675-FHD': 'a82ef248'}--[device_monitor.py:27]
170424 15:39:30 DEBUG | Config.device_dict is {'Coolpad8675-FHD': 'a82ef248'}--[device_monitor.py:28]
170424 15:39:35 DEBUG | get the device info: {'Coolpad8675-FHD': 'a82ef248'}--[base.py:64]
170424 15:39:35 DEBUG | current device dict: {'Coolpad8675-FHD': 'a82ef248'}--[device_monitor.py:27]
170424 15:39:35 DEBUG | Config.device_dict is {'Coolpad8675-FHD': 'a82ef248'}--[device_monitor.py:28]
170424 15:39:40 DEBUG | get the device info: {'Coolpad8675-FHD': 'a82ef248'}--[base.py:64]
170424 15:39:40 DEBUG | current device dict: {'Coolpad8675-FHD': 'a82ef248'}--[device_monitor.py:27]
170424 15:39:40 DEBUG | Config.device_dict is {'Coolpad8675-FHD': 'a82ef248'}--[device_monitor.py:28]
170424 15:39:45 DEBUG | get the device info: {'Coolpad8675-FHD': 'a82ef248'}--[base.py:64]
170424 15:39:45 DEBUG | current device dict: {'Coolpad8675-FHD': 'a82ef248'}--[device_monitor.py:27]
170424 15:39:45 DEBUG | Config.device_dict is {'Coolpad8675-FHD': 'a82ef248'}--[device_monitor.py:28]
170424 15:39:50 DEBUG | get the device info: {'Coolpad8675-FHD': 'a82ef248'}--[base.py:64]
170424 15:39:50 DEBUG | current device dict: {'Coolpad8675-FHD': 'a82ef248'}--[device_monitor.py:27]
170424 15:39:50 DEBUG | Config.device_dict is {'Coolpad8675-FHD': 'a82ef248'}--[device_monitor.py:28]
170424 15:39:55 DEBUG | get the device info: {'Coolpad8675-FHD': 'a82ef248'}--[base.py:64]
170424 15:39:55 DEBUG | current device dict: {'Coolpad8675-FHD': 'a82ef248'}--[device_monitor.py:27]
170424 15:39:55 DEBUG | Config.device_dict is {'Coolpad8675-FHD': 'a82ef248'}--[device_monitor.py:28]
170424 15:40:00 DEBUG | get the device info: {'Coolpad8675-FHD': 'a82ef248'}--[base.py:64]
170424 15:40:00 DEBUG | current device dict: {'Coolpad8675-FHD': 'a82ef248'}--[device_monitor.py:27]
170424 15:40:00 DEBUG | Config.device_dict is {'Coolpad8675-FHD': 'a82ef248'}--[device_monitor.py:28]
170424 15:40:05 DEBUG | get the device info: {'Coolpad8675-FHD': 'a82ef248'}--[base.py:64]
170424 15:40:05 DEBUG | current device dict: {'Coolpad8675-FHD': 'a82ef248'}--[device_monitor.py:27]
170424 15:40:05 DEBUG | Config.device_dict is {'Coolpad8675-FHD': 'a82ef248'}--[device_monitor.py:28]
170424 15:40:11 DEBUG | get the device info: {'Coolpad8675-FHD': 'a82ef248'}--[base.py:64]
170424 15:40:11 DEBUG | current device dict: {'Coolpad8675-FHD': 'a82ef248'}--[device_monitor.py:27]
170424 15:40:11 DEBUG | Config.device_dict is {'Coolpad8675-FHD': 'a82ef248'}--[device_monitor.py:28]
170424 15:40:16 DEBUG | get the device info: {'Coolpad8675-FHD': 'a82ef248'}--[base.py:64]
170424 15:40:16 DEBUG | current device dict: {'Coolpad8675-FHD': 'a82ef248'}--[device_monitor.py:27]
170424 15:40:16 DEBUG | Config.device_dict is {'Coolpad8675-FHD': 'a82ef248'}--[device_monitor.py:28]
170424 15:40:21 DEBUG | get the device info: {'Coolpad8675-FHD': 'a82ef248'}--[base.py:64]
170424 15:40:21 DEBUG | current device dict: {'Coolpad8675-FHD': 'a82ef248'}--[device_monitor.py:27]
170424 15:40:21 DEBUG | Config.device_dict is {'Coolpad8675-FHD': 'a82ef248'}--[device_monitor.py:28]
170424 15:40:26 DEBUG | get the device info: {'Coolpad8675-FHD': 'a82ef248'}--[base.py:64]
170424 15:40:26 DEBUG | current device dict: {'Coolpad8675-FHD': 'a82ef248'}--[device_monitor.py:27]
170424 15:40:26 DEBUG | Config.device_dict is {'Coolpad8675-FHD': 'a82ef248'}--[device_monitor.py:28]
170424 15:40:31 DEBUG | get the device info: {'Coolpad8675-FHD': 'a82ef248'}--[base.py:64]
170424 15:40:31 DEBUG | current device dict: {'Coolpad8675-FHD': 'a82ef248'}--[device_monitor.py:27]
170424 15:40:31 DEBUG | Config.device_dict is {'Coolpad8675-FHD': 'a82ef248'}--[device_monitor.py:28]
170424 15:40:36 DEBUG | get the device info: {'Coolpad8675-FHD': 'a82ef248'}--[base.py:64]
170424 15:40:36 DEBUG | current device dict: {'Coolpad8675-FHD': 'a82ef248'}--[device_monitor.py:27]
170424 15:40:36 DEBUG | Config.device_dict is {'Coolpad8675-FHD': 'a82ef248'}--[device_monitor.py:28]
170424 15:40:41 DEBUG | get the device info: {'Coolpad8675-FHD': 'a82ef248'}--[base.py:64]
170424 15:40:41 DEBUG | current device dict: {'Coolpad8675-FHD': 'a82ef248'}--[device_monitor.py:27]
170424 15:40:41 DEBUG | Config.device_dict is {'Coolpad8675-FHD': 'a82ef248'}--[device_monitor.py:28]
170424 15:40:46 DEBUG | get the device info: {'Coolpad8675-FHD': 'a82ef248'}--[base.py:64]
170424 15:40:46 DEBUG | current device dict: {'Coolpad8675-FHD': 'a82ef248'}--[device_monitor.py:27]
170424 15:40:46 DEBUG | Config.device_dict is {'Coolpad8675-FHD': 'a82ef248'}--[device_monitor.py:28]
170424 15:40:51 DEBUG | get the device info: {'Coolpad8675-FHD': 'a82ef248'}--[base.py:64]
170424 15:40:51 DEBUG | current device dict: {'Coolpad8675-FHD': 'a82ef248'}--[device_monitor.py:27]
170424 15:40:51 DEBUG | Config.device_dict is {'Coolpad8675-FHD': 'a82ef248'}--[device_monitor.py:28]
170424 15:40:56 DEBUG | get the device info: {'Coolpad8675-FHD': 'a82ef248'}--[base.py:64]
170424 15:40:56 DEBUG | current device dict: {'Coolpad8675-FHD': 'a82ef248'}--[device_monitor.py:27]
170424 15:40:56 DEBUG | Config.device_dict is {'Coolpad8675-FHD': 'a82ef248'}--[device_monitor.py:28]
170424 15:41:01 DEBUG | get the device info: {'Coolpad8675-FHD': 'a82ef248'}--[base.py:64]
170424 15:41:01 DEBUG | current device dict: {'Coolpad8675-FHD': 'a82ef248'}--[device_monitor.py:27]
170424 15:41:01 DEBUG | Config.device_dict is {'Coolpad8675-FHD': 'a82ef248'}--[device_monitor.py:28]
170424 15:41:06 DEBUG | get the device info: {'Coolpad8675-FHD': 'a82ef248'}--[base.py:64]
170424 15:41:06 DEBUG | current device dict: {'Coolpad8675-FHD': 'a82ef248'}--[device_monitor.py:27]
170424 15:41:06 DEBUG | Config.device_dict is {'Coolpad8675-FHD': 'a82ef248'}--[device_monitor.py:28]
170424 15:41:11 DEBUG | get the device info: {'Coolpad8675-FHD': 'a82ef248'}--[base.py:64]
170424 15:41:11 DEBUG | current device dict: {'Coolpad8675-FHD': 'a82ef248'}--[device_monitor.py:27]
170424 15:41:11 DEBUG | Config.device_dict is {'Coolpad8675-FHD': 'a82ef248'}--[device_monitor.py:28]
170424 15:41:16 DEBUG | get the device info: {'Coolpad8675-FHD': 'a82ef248'}--[base.py:64]
170424 15:41:16 DEBUG | current device dict: {'Coolpad8675-FHD': 'a82ef248'}--[device_monitor.py:27]
170424 15:41:16 DEBUG | Config.device_dict is {'Coolpad8675-FHD': 'a82ef248'}--[device_monitor.py:28]
170424 15:41:21 DEBUG | get the device info: {'Coolpad8675-FHD': 'a82ef248'}--[base.py:64]
170424 15:41:21 DEBUG | current device dict: {'Coolpad8675-FHD': 'a82ef248'}--[device_monitor.py:27]
170424 15:41:21 DEBUG | Config.device_dict is {'Coolpad8675-FHD': 'a82ef248'}--[device_monitor.py:28]
170424 15:41:26 INFO | monkey end with Coolpad8675-FHD--[monkey.py:113]
170424 15:41:26 INFO | capture screen--[monkey.py:120]
170424 15:41:26 DEBUG | get the device info: {'Coolpad8675-FHD': 'a82ef248'}--[base.py:64]
170424 15:41:26 DEBUG | current device dict: {'Coolpad8675-FHD': 'a82ef248'}--[device_monitor.py:27]
170424 15:41:26 DEBUG | Config.device_dict is {'Coolpad8675-FHD': 'a82ef248'}--[device_monitor.py:28]
170424 15:41:28 INFO | [ 13%] /sdcard/Coolpad8675-FHD_04-24~15-38-46.png
[ 27%] /sdcard/Coolpad8675-FHD_04-24~15-38-46.png
[ 40%] /sdcard/Coolpad8675-FHD_04-24~15-38-46.png
[ 54%] /sdcard/Coolpad8675-FHD_04-24~15-38-46.png
[ 68%] /sdcard/Coolpad8675-FHD_04-24~15-38-46.png
[ 81%] /sdcard/Coolpad8675-FHD_04-24~15-38-46.png
[ 95%] /sdcard/Coolpad8675-FHD_04-24~15-38-46.png
[100%] /sdcard/Coolpad8675-FHD_04-24~15-38-46.png--[monkey.py:127]
170424 15:41:28 INFO | deal_with_log--[monkey.py:136]
170424 15:41:29 INFO | 发送失败--[mail.py:51]
170424 15:41:29 INFO | Reboot Coolpad8675-FHD--[monkey.py:169]
170424 15:41:31 INFO | All device lost--[base.py:42]
170424 15:41:31 DEBUG | current device dict: {}--[device_monitor.py:27]
170424 15:41:31 DEBUG | Config.device_dict is {'Coolpad8675-FHD': 'a82ef248'}--[device_monitor.py:28]
170424 15:41:31 INFO | device lost--[device_monitor.py:37]
170424 15:41:36 INFO | All device lost--[base.py:42]
170424 15:41:36 DEBUG | current device dict: {}--[device_monitor.py:27]
170424 15:41:36 DEBUG | Config.device_dict is {}--[device_monitor.py:28]
170424 15:41:41 DEBUG | get the device info: {'Coolpad8675-FHD': 'a82ef248'}--[base.py:64]
170424 15:41:41 DEBUG | current device dict: {'Coolpad8675-FHD': 'a82ef248'}--[device_monitor.py:27]
170424 15:41:41 DEBUG | Config.device_dict is {}--[device_monitor.py:28]
170424 15:41:41 DEBUG | new device dict is: {'Coolpad8675-FHD': 'a82ef248'}--[device_monitor.py:35]
170424 15:41:41 INFO | changed device: {'Coolpad8675-FHD': 'a82ef248'}--[monkey.py:189]
170424 15:41:46 INFO | All device lost--[base.py:42]
170424 15:41:46 DEBUG | current device dict: {}--[device_monitor.py:27]
170424 15:41:46 DEBUG | Config.device_dict is {'Coolpad8675-FHD': 'a82ef248'}--[device_monitor.py:28]
170424 15:41:46 INFO | device lost--[device_monitor.py:37]
170424 15:41:47 DEBUG | This system is Mac--[monkey_stop.py:60]
170424 15:41:51 DEBUG | get the device info: {'XT1079': 'ZX1C3242JH'}--[base.py:64]
170424 15:41:51 DEBUG | current device dict: {'XT1079': 'ZX1C3242JH'}--[device_monitor.py:27]
170424 15:41:51 DEBUG | Config.device_dict is {}--[device_monitor.py:28]
170424 15:41:51 DEBUG | new device dict is: {'XT1079': 'ZX1C3242JH'}--[device_monitor.py:35]
170424 15:41:51 INFO | changed device: {'XT1079': 'ZX1C3242JH'}--[monkey.py:189]
170424 15:41:56 DEBUG | get the device info: {'XT1079': 'ZX1C3242JH'}--[base.py:64]
170424 15:41:56 DEBUG | current device dict: {'XT1079': 'ZX1C3242JH'}--[device_monitor.py:27]
170424 15:41:56 DEBUG | Config.device_dict is {'XT1079': 'ZX1C3242JH'}--[device_monitor.py:28]
170424 15:41:57 DEBUG | This system is Mac--[monkey_stop.py:60]
170424 15:41:57 INFO | no monkey running in XT1079--[monkey_stop.py:31]
170424 15:41:57 INFO | start monkey with XT1079--[monkey.py:101]
170424 15:41:57 INFO | Monkey cmd: /Users/Admin/Public/Android/sdk/platform-tools/adb -s ZX1C3242JH shell monkey -s 281 -p com.ijuyin.prints.news -v  --throttle 500 --pct-trackball 0 --pct-syskeys 5 --pct-nav 0 --pct-anyevent 0 1000   > /Users/Admin/Desktop/monkey_android-master/performance/monkey/monkeylog/2017-04-24/XT1079_04-24~15-41-57.txt--[monkey.py:108]
170424 15:42:01 DEBUG | get the device info: {'XT1079': 'ZX1C3242JH'}--[base.py:64]
170424 15:42:01 DEBUG | current device dict: {'XT1079': 'ZX1C3242JH'}--[device_monitor.py:27]
170424 15:42:01 DEBUG | Config.device_dict is {'XT1079': 'ZX1C3242JH'}--[device_monitor.py:28]
170424 15:42:06 DEBUG | get the device info: {'XT1079': 'ZX1C3242JH'}--[base.py:64]
170424 15:42:06 DEBUG | current device dict: {'XT1079': 'ZX1C3242JH'}--[device_monitor.py:27]
170424 15:42:06 DEBUG | Config.device_dict is {'XT1079': 'ZX1C3242JH'}--[device_monitor.py:28]
170424 15:42:12 DEBUG | get the device info: {'XT1079': 'ZX1C3242JH'}--[base.py:64]
170424 15:42:12 DEBUG | current device dict: {'XT1079': 'ZX1C3242JH'}--[device_monitor.py:27]
170424 15:42:12 DEBUG | Config.device_dict is {'XT1079': 'ZX1C3242JH'}--[device_monitor.py:28]
170424 15:42:17 DEBUG | get the device info: {'XT1079': 'ZX1C3242JH'}--[base.py:64]
170424 15:42:17 DEBUG | current device dict: {'XT1079': 'ZX1C3242JH'}--[device_monitor.py:27]
170424 15:42:17 DEBUG | Config.device_dict is {'XT1079': 'ZX1C3242JH'}--[device_monitor.py:28]
170424 15:42:22 DEBUG | get the device info: {'XT1079': 'ZX1C3242JH'}--[base.py:64]
170424 15:42:22 DEBUG | current device dict: {'XT1079': 'ZX1C3242JH'}--[device_monitor.py:27]
170424 15:42:22 DEBUG | Config.device_dict is {'XT1079': 'ZX1C3242JH'}--[device_monitor.py:28]
170424 15:42:27 DEBUG | get the device info: {'XT1079': 'ZX1C3242JH'}--[base.py:64]
170424 15:42:27 DEBUG | current device dict: {'XT1079': 'ZX1C3242JH'}--[device_monitor.py:27]
170424 15:42:27 DEBUG | Config.device_dict is {'XT1079': 'ZX1C3242JH'}--[device_monitor.py:28]
170424 15:42:32 DEBUG | get the device info: {'XT1079': 'ZX1C3242JH'}--[base.py:64]
170424 15:42:32 DEBUG | current device dict: {'XT1079': 'ZX1C3242JH'}--[device_monitor.py:27]
170424 15:42:32 DEBUG | Config.device_dict is {'XT1079': 'ZX1C3242JH'}--[device_monitor.py:28]
170424 15:42:37 DEBUG | get the device info: {'XT1079': 'ZX1C3242JH'}--[base.py:64]
170424 15:42:37 DEBUG | current device dict: {'XT1079': 'ZX1C3242JH'}--[device_monitor.py:27]
170424 15:42:37 DEBUG | Config.device_dict is {'XT1079': 'ZX1C3242JH'}--[device_monitor.py:28]
170424 15:42:42 DEBUG | get the device info: {'XT1079': 'ZX1C3242JH'}--[base.py:64]
170424 15:42:42 DEBUG | current device dict: {'XT1079': 'ZX1C3242JH'}--[device_monitor.py:27]
170424 15:42:42 DEBUG | Config.device_dict is {'XT1079': 'ZX1C3242JH'}--[device_monitor.py:28]
170424 15:42:47 DEBUG | get the device info: {'XT1079': 'ZX1C3242JH'}--[base.py:64]
170424 15:42:47 DEBUG | current device dict: {'XT1079': 'ZX1C3242JH'}--[device_monitor.py:27]
170424 15:42:47 DEBUG | Config.device_dict is {'XT1079': 'ZX1C3242JH'}--[device_monitor.py:28]
170424 15:42:52 DEBUG | get the device info: {'XT1079': 'ZX1C3242JH'}--[base.py:64]
170424 15:42:52 DEBUG | current device dict: {'XT1079': 'ZX1C3242JH'}--[device_monitor.py:27]
170424 15:42:52 DEBUG | Config.device_dict is {'XT1079': 'ZX1C3242JH'}--[device_monitor.py:28]
170424 15:42:57 DEBUG | get the device info: {'XT1079': 'ZX1C3242JH'}--[base.py:64]
170424 15:42:57 DEBUG | current device dict: {'XT1079': 'ZX1C3242JH'}--[device_monitor.py:27]
170424 15:42:57 DEBUG | Config.device_dict is {'XT1079': 'ZX1C3242JH'}--[device_monitor.py:28]
170424 15:43:02 DEBUG | get the device info: {'XT1079': 'ZX1C3242JH'}--[base.py:64]
170424 15:43:02 DEBUG | current device dict: {'XT1079': 'ZX1C3242JH'}--[device_monitor.py:27]
170424 15:43:02 DEBUG | Config.device_dict is {'XT1079': 'ZX1C3242JH'}--[device_monitor.py:28]
170424 15:43:07 DEBUG | get the device info: {'XT1079': 'ZX1C3242JH'}--[base.py:64]
170424 15:43:07 DEBUG | current device dict: {'XT1079': 'ZX1C3242JH'}--[device_monitor.py:27]
170424 15:43:07 DEBUG | Config.device_dict is {'XT1079': 'ZX1C3242JH'}--[device_monitor.py:28]
170424 15:43:12 DEBUG | get the device info: {'XT1079': 'ZX1C3242JH'}--[base.py:64]
170424 15:43:12 DEBUG | current device dict: {'XT1079': 'ZX1C3242JH'}--[device_monitor.py:27]
170424 15:43:12 DEBUG | Config.device_dict is {'XT1079': 'ZX1C3242JH'}--[device_monitor.py:28]
170424 15:43:17 DEBUG | get the device info: {'XT1079': 'ZX1C3242JH'}--[base.py:64]
170424 15:43:17 DEBUG | current device dict: {'XT1079': 'ZX1C3242JH'}--[device_monitor.py:27]
170424 15:43:17 DEBUG | Config.device_dict is {'XT1079': 'ZX1C3242JH'}--[device_monitor.py:28]
170424 15:43:22 DEBUG | get the device info: {'XT1079': 'ZX1C3242JH'}--[base.py:64]
170424 15:43:22 DEBUG | current device dict: {'XT1079': 'ZX1C3242JH'}--[device_monitor.py:27]
170424 15:43:22 DEBUG | Config.device_dict is {'XT1079': 'ZX1C3242JH'}--[device_monitor.py:28]
170424 15:43:27 DEBUG | get the device info: {'XT1079': 'ZX1C3242JH'}--[base.py:64]
170424 15:43:27 DEBUG | current device dict: {'XT1079': 'ZX1C3242JH'}--[device_monitor.py:27]
170424 15:43:27 DEBUG | Config.device_dict is {'XT1079': 'ZX1C3242JH'}--[device_monitor.py:28]
170424 15:43:32 DEBUG | get the device info: {'XT1079': 'ZX1C3242JH'}--[base.py:64]
170424 15:43:32 DEBUG | current device dict: {'XT1079': 'ZX1C3242JH'}--[device_monitor.py:27]
170424 15:43:32 DEBUG | Config.device_dict is {'XT1079': 'ZX1C3242JH'}--[device_monitor.py:28]
170424 15:43:37 DEBUG | get the device info: {'XT1079': 'ZX1C3242JH'}--[base.py:64]
170424 15:43:37 DEBUG | current device dict: {'XT1079': 'ZX1C3242JH'}--[device_monitor.py:27]
170424 15:43:37 DEBUG | Config.device_dict is {'XT1079': 'ZX1C3242JH'}--[device_monitor.py:28]
170424 15:43:42 DEBUG | get the device info: {'XT1079': 'ZX1C3242JH'}--[base.py:64]
170424 15:43:42 DEBUG | current device dict: {'XT1079': 'ZX1C3242JH'}--[device_monitor.py:27]
170424 15:43:42 DEBUG | Config.device_dict is {'XT1079': 'ZX1C3242JH'}--[device_monitor.py:28]
170424 15:43:47 DEBUG | get the device info: {'XT1079': 'ZX1C3242JH'}--[base.py:64]
170424 15:43:47 DEBUG | current device dict: {'XT1079': 'ZX1C3242JH'}--[device_monitor.py:27]
170424 15:43:47 DEBUG | Config.device_dict is {'XT1079': 'ZX1C3242JH'}--[device_monitor.py:28]
170424 15:43:53 DEBUG | get the device info: {'XT1079': 'ZX1C3242JH'}--[base.py:64]
170424 15:43:53 DEBUG | current device dict: {'XT1079': 'ZX1C3242JH'}--[device_monitor.py:27]
170424 15:43:53 DEBUG | Config.device_dict is {'XT1079': 'ZX1C3242JH'}--[device_monitor.py:28]
170424 15:43:58 DEBUG | get the device info: {'XT1079': 'ZX1C3242JH'}--[base.py:64]
170424 15:43:58 DEBUG | current device dict: {'XT1079': 'ZX1C3242JH'}--[device_monitor.py:27]
170424 15:43:58 DEBUG | Config.device_dict is {'XT1079': 'ZX1C3242JH'}--[device_monitor.py:28]
170424 15:44:03 DEBUG | get the device info: {'XT1079': 'ZX1C3242JH'}--[base.py:64]
170424 15:44:03 DEBUG | current device dict: {'XT1079': 'ZX1C3242JH'}--[device_monitor.py:27]
170424 15:44:03 DEBUG | Config.device_dict is {'XT1079': 'ZX1C3242JH'}--[device_monitor.py:28]
170424 15:44:08 DEBUG | get the device info: {'XT1079': 'ZX1C3242JH'}--[base.py:64]
170424 15:44:08 DEBUG | current device dict: {'XT1079': 'ZX1C3242JH'}--[device_monitor.py:27]
170424 15:44:08 DEBUG | Config.device_dict is {'XT1079': 'ZX1C3242JH'}--[device_monitor.py:28]
170424 15:44:13 DEBUG | get the device info: {'XT1079': 'ZX1C3242JH'}--[base.py:64]
170424 15:44:13 DEBUG | current device dict: {'XT1079': 'ZX1C3242JH'}--[device_monitor.py:27]
170424 15:44:13 DEBUG | Config.device_dict is {'XT1079': 'ZX1C3242JH'}--[device_monitor.py:28]
170424 15:44:18 DEBUG | get the device info: {'XT1079': 'ZX1C3242JH'}--[base.py:64]
170424 15:44:18 DEBUG | current device dict: {'XT1079': 'ZX1C3242JH'}--[device_monitor.py:27]
170424 15:44:18 DEBUG | Config.device_dict is {'XT1079': 'ZX1C3242JH'}--[device_monitor.py:28]
170424 15:44:23 DEBUG | get the device info: {'XT1079': 'ZX1C3242JH'}--[base.py:64]
170424 15:44:23 DEBUG | current device dict: {'XT1079': 'ZX1C3242JH'}--[device_monitor.py:27]
170424 15:44:23 DEBUG | Config.device_dict is {'XT1079': 'ZX1C3242JH'}--[device_monitor.py:28]
170424 15:44:28 DEBUG | get the device info: {'XT1079': 'ZX1C3242JH'}--[base.py:64]
170424 15:44:28 DEBUG | current device dict: {'XT1079': 'ZX1C3242JH'}--[device_monitor.py:27]
170424 15:44:28 DEBUG | Config.device_dict is {'XT1079': 'ZX1C3242JH'}--[device_monitor.py:28]
170424 15:44:33 DEBUG | get the device info: {'XT1079': 'ZX1C3242JH'}--[base.py:64]
170424 15:44:33 DEBUG | current device dict: {'XT1079': 'ZX1C3242JH'}--[device_monitor.py:27]
170424 15:44:33 DEBUG | Config.device_dict is {'XT1079': 'ZX1C3242JH'}--[device_monitor.py:28]
170424 15:44:34 INFO | monkey end with XT1079--[monkey.py:113]
170424 15:44:34 INFO | capture screen--[monkey.py:120]
170424 15:44:35 INFO | [ 53%] /sdcard/XT1079_04-24~15-41-57.png
[100%] /sdcard/XT1079_04-24~15-41-57.png--[monkey.py:127]
170424 15:44:35 INFO | deal_with_log--[monkey.py:136]
170424 15:44:35 INFO | 发送失败--[mail.py:51]
170424 15:44:35 INFO | Reboot XT1079--[monkey.py:169]
170424 15:44:38 INFO | All device lost--[base.py:42]
170424 15:44:38 DEBUG | current device dict: {}--[device_monitor.py:27]
170424 15:44:38 DEBUG | Config.device_dict is {'XT1079': 'ZX1C3242JH'}--[device_monitor.py:28]
170424 15:44:38 INFO | device lost--[device_monitor.py:37]
170424 15:44:43 INFO | All device lost--[base.py:42]
170424 15:44:43 DEBUG | current device dict: {}--[device_monitor.py:27]
170424 15:44:43 DEBUG | Config.device_dict is {}--[device_monitor.py:28]
170424 15:44:48 INFO | All device lost--[base.py:42]
170424 15:44:48 DEBUG | current device dict: {}--[device_monitor.py:27]
170424 15:44:48 DEBUG | Config.device_dict is {}--[device_monitor.py:28]
170424 15:44:53 INFO | All device lost--[base.py:42]
170424 15:44:53 DEBUG | current device dict: {}--[device_monitor.py:27]
170424 15:44:53 DEBUG | Config.device_dict is {}--[device_monitor.py:28]
170424 15:44:58 INFO | All device lost--[base.py:42]
170424 15:44:58 DEBUG | current device dict: {}--[device_monitor.py:27]
170424 15:44:58 DEBUG | Config.device_dict is {}--[device_monitor.py:28]
170424 15:45:03 INFO | All device lost--[base.py:42]
170424 15:45:03 DEBUG | current device dict: {}--[device_monitor.py:27]
170424 15:45:03 DEBUG | Config.device_dict is {}--[device_monitor.py:28]
170424 15:45:08 INFO | All device lost--[base.py:42]
170424 15:45:08 DEBUG | current device dict: {}--[device_monitor.py:27]
170424 15:45:08 DEBUG | Config.device_dict is {}--[device_monitor.py:28]
170424 15:45:13 INFO | All device lost--[base.py:42]
170424 15:45:13 DEBUG | current device dict: {}--[device_monitor.py:27]
170424 15:45:13 DEBUG | Config.device_dict is {}--[device_monitor.py:28]
170424 15:45:18 DEBUG | get the device info: {'XT1079': 'ZX1C3242JH'}--[base.py:64]
170424 15:45:18 DEBUG | current device dict: {'XT1079': 'ZX1C3242JH'}--[device_monitor.py:27]
170424 15:45:18 DEBUG | Config.device_dict is {}--[device_monitor.py:28]
170424 15:45:18 DEBUG | new device dict is: {'XT1079': 'ZX1C3242JH'}--[device_monitor.py:35]
170424 15:45:18 INFO | changed device: {'XT1079': 'ZX1C3242JH'}--[monkey.py:189]
170424 15:45:23 DEBUG | get the device info: {'XT1079': 'ZX1C3242JH'}--[base.py:64]
170424 15:45:23 DEBUG | current device dict: {'XT1079': 'ZX1C3242JH'}--[device_monitor.py:27]
170424 15:45:23 DEBUG | Config.device_dict is {'XT1079': 'ZX1C3242JH'}--[device_monitor.py:28]
170424 15:45:24 DEBUG | This system is Mac--[monkey_stop.py:60]
170424 15:45:24 INFO | no monkey running in XT1079--[monkey_stop.py:31]
170424 15:45:24 INFO | start monkey with XT1079--[monkey.py:101]
170424 15:45:24 INFO | Monkey cmd: /Users/Admin/Public/Android/sdk/platform-tools/adb -s ZX1C3242JH shell monkey -s 281 -p com.ijuyin.prints.news -v  --throttle 500 --pct-trackball 0 --pct-syskeys 5 --pct-nav 0 --pct-anyevent 0 1000   > /Users/Admin/Desktop/monkey_android-master/performance/monkey/monkeylog/2017-04-24/XT1079_04-24~15-45-24.txt--[monkey.py:108]
170424 15:45:28 DEBUG | get the device info: {'XT1079': 'ZX1C3242JH'}--[base.py:64]
170424 15:45:28 DEBUG | current device dict: {'XT1079': 'ZX1C3242JH'}--[device_monitor.py:27]
170424 15:45:28 DEBUG | Config.device_dict is {'XT1079': 'ZX1C3242JH'}--[device_monitor.py:28]
170424 15:45:33 DEBUG | get the device info: {'XT1079': 'ZX1C3242JH'}--[base.py:64]
170424 15:45:33 DEBUG | current device dict: {'XT1079': 'ZX1C3242JH'}--[device_monitor.py:27]
170424 15:45:33 DEBUG | Config.device_dict is {'XT1079': 'ZX1C3242JH'}--[device_monitor.py:28]
170424 15:45:38 DEBUG | get the device info: {'XT1079': 'ZX1C3242JH'}--[base.py:64]
170424 15:45:38 DEBUG | current device dict: {'XT1079': 'ZX1C3242JH'}--[device_monitor.py:27]
170424 15:45:38 DEBUG | Config.device_dict is {'XT1079': 'ZX1C3242JH'}--[device_monitor.py:28]
170424 15:45:43 DEBUG | get the device info: {'XT1079': 'ZX1C3242JH'}--[base.py:64]
170424 15:45:43 DEBUG | current device dict: {'XT1079': 'ZX1C3242JH'}--[device_monitor.py:27]
170424 15:45:43 DEBUG | Config.device_dict is {'XT1079': 'ZX1C3242JH'}--[device_monitor.py:28]
170424 15:45:48 DEBUG | get the device info: {'XT1079': 'ZX1C3242JH'}--[base.py:64]
170424 15:45:48 DEBUG | current device dict: {'XT1079': 'ZX1C3242JH'}--[device_monitor.py:27]
170424 15:45:48 DEBUG | Config.device_dict is {'XT1079': 'ZX1C3242JH'}--[device_monitor.py:28]
170424 15:45:54 DEBUG | get the device info: {'XT1079': 'ZX1C3242JH'}--[base.py:64]
170424 15:45:54 DEBUG | current device dict: {'XT1079': 'ZX1C3242JH'}--[device_monitor.py:27]
170424 15:45:54 DEBUG | Config.device_dict is {'XT1079': 'ZX1C3242JH'}--[device_monitor.py:28]
170424 15:45:59 DEBUG | get the device info: {'XT1079': 'ZX1C3242JH'}--[base.py:64]
170424 15:45:59 DEBUG | current device dict: {'XT1079': 'ZX1C3242JH'}--[device_monitor.py:27]
170424 15:45:59 DEBUG | Config.device_dict is {'XT1079': 'ZX1C3242JH'}--[device_monitor.py:28]
170424 15:46:04 DEBUG | get the device info: {'XT1079': 'ZX1C3242JH'}--[base.py:64]
170424 15:46:04 DEBUG | current device dict: {'XT1079': 'ZX1C3242JH'}--[device_monitor.py:27]
170424 15:46:04 DEBUG | Config.device_dict is {'XT1079': 'ZX1C3242JH'}--[device_monitor.py:28]
170424 15:46:09 DEBUG | get the device info: {'XT1079': 'ZX1C3242JH'}--[base.py:64]
170424 15:46:09 DEBUG | current device dict: {'XT1079': 'ZX1C3242JH'}--[device_monitor.py:27]
170424 15:46:09 DEBUG | Config.device_dict is {'XT1079': 'ZX1C3242JH'}--[device_monitor.py:28]
170424 15:46:14 DEBUG | get the device info: {'XT1079': 'ZX1C3242JH'}--[base.py:64]
170424 15:46:14 DEBUG | current device dict: {'XT1079': 'ZX1C3242JH'}--[device_monitor.py:27]
170424 15:46:14 DEBUG | Config.device_dict is {'XT1079': 'ZX1C3242JH'}--[device_monitor.py:28]
170424 15:46:19 DEBUG | get the device info: {'XT1079': 'ZX1C3242JH'}--[base.py:64]
170424 15:46:19 DEBUG | current device dict: {'XT1079': 'ZX1C3242JH'}--[device_monitor.py:27]
170424 15:46:19 DEBUG | Config.device_dict is {'XT1079': 'ZX1C3242JH'}--[device_monitor.py:28]
170424 15:46:24 DEBUG | get the device info: {'XT1079': 'ZX1C3242JH'}--[base.py:64]
170424 15:46:24 DEBUG | current device dict: {'XT1079': 'ZX1C3242JH'}--[device_monitor.py:27]
170424 15:46:24 DEBUG | Config.device_dict is {'XT1079': 'ZX1C3242JH'}--[device_monitor.py:28]
170424 15:46:29 DEBUG | get the device info: {'XT1079': 'ZX1C3242JH'}--[base.py:64]
170424 15:46:29 DEBUG | current device dict: {'XT1079': 'ZX1C3242JH'}--[device_monitor.py:27]
170424 15:46:29 DEBUG | Config.device_dict is {'XT1079': 'ZX1C3242JH'}--[device_monitor.py:28]
170424 15:46:34 DEBUG | get the device info: {'XT1079': 'ZX1C3242JH'}--[base.py:64]
170424 15:46:34 DEBUG | current device dict: {'XT1079': 'ZX1C3242JH'}--[device_monitor.py:27]
170424 15:46:34 DEBUG | Config.device_dict is {'XT1079': 'ZX1C3242JH'}--[device_monitor.py:28]
170424 15:46:39 DEBUG | get the device info: {'XT1079': 'ZX1C3242JH'}--[base.py:64]
170424 15:46:39 DEBUG | current device dict: {'XT1079': 'ZX1C3242JH'}--[device_monitor.py:27]
170424 15:46:39 DEBUG | Config.device_dict is {'XT1079': 'ZX1C3242JH'}--[device_monitor.py:28]
170424 15:46:44 DEBUG | get the device info: {'XT1079': 'ZX1C3242JH'}--[base.py:64]
170424 15:46:44 DEBUG | current device dict: {'XT1079': 'ZX1C3242JH'}--[device_monitor.py:27]
170424 15:46:44 DEBUG | Config.device_dict is {'XT1079': 'ZX1C3242JH'}--[device_monitor.py:28]
170424 15:46:49 DEBUG | get the device info: {'XT1079': 'ZX1C3242JH'}--[base.py:64]
170424 15:46:49 DEBUG | current device dict: {'XT1079': 'ZX1C3242JH'}--[device_monitor.py:27]
170424 15:46:49 DEBUG | Config.device_dict is {'XT1079': 'ZX1C3242JH'}--[device_monitor.py:28]
170424 15:46:54 DEBUG | get the device info: {'XT1079': 'ZX1C3242JH'}--[base.py:64]
170424 15:46:54 DEBUG | current device dict: {'XT1079': 'ZX1C3242JH'}--[device_monitor.py:27]
170424 15:46:54 DEBUG | Config.device_dict is {'XT1079': 'ZX1C3242JH'}--[device_monitor.py:28]
170424 15:46:59 DEBUG | get the device info: {'XT1079': 'ZX1C3242JH'}--[base.py:64]
170424 15:46:59 DEBUG | current device dict: {'XT1079': 'ZX1C3242JH'}--[device_monitor.py:27]
170424 15:46:59 DEBUG | Config.device_dict is {'XT1079': 'ZX1C3242JH'}--[device_monitor.py:28]
170424 15:47:04 DEBUG | get the device info: {'XT1079': 'ZX1C3242JH'}--[base.py:64]
170424 15:47:04 DEBUG | current device dict: {'XT1079': 'ZX1C3242JH'}--[device_monitor.py:27]
170424 15:47:04 DEBUG | Config.device_dict is {'XT1079': 'ZX1C3242JH'}--[device_monitor.py:28]
170424 15:47:09 DEBUG | get the device info: {'XT1079': 'ZX1C3242JH'}--[base.py:64]
170424 15:47:09 DEBUG | current device dict: {'XT1079': 'ZX1C3242JH'}--[device_monitor.py:27]
170424 15:47:09 DEBUG | Config.device_dict is {'XT1079': 'ZX1C3242JH'}--[device_monitor.py:28]
170424 15:47:14 DEBUG | get the device info: {'XT1079': 'ZX1C3242JH'}--[base.py:64]
170424 15:47:14 DEBUG | current device dict: {'XT1079': 'ZX1C3242JH'}--[device_monitor.py:27]
170424 15:47:14 DEBUG | Config.device_dict is {'XT1079': 'ZX1C3242JH'}--[device_monitor.py:28]
170424 15:47:19 DEBUG | get the device info: {'XT1079': 'ZX1C3242JH'}--[base.py:64]
170424 15:47:19 DEBUG | current device dict: {'XT1079': 'ZX1C3242JH'}--[device_monitor.py:27]
170424 15:47:19 DEBUG | Config.device_dict is {'XT1079': 'ZX1C3242JH'}--[device_monitor.py:28]
170424 15:47:24 DEBUG | get the device info: {'XT1079': 'ZX1C3242JH'}--[base.py:64]
170424 15:47:24 DEBUG | current device dict: {'XT1079': 'ZX1C3242JH'}--[device_monitor.py:27]
170424 15:47:24 DEBUG | Config.device_dict is {'XT1079': 'ZX1C3242JH'}--[device_monitor.py:28]
170424 15:47:29 DEBUG | get the device info: {'XT1079': 'ZX1C3242JH'}--[base.py:64]
170424 15:47:29 DEBUG | current device dict: {'XT1079': 'ZX1C3242JH'}--[device_monitor.py:27]
170424 15:47:29 DEBUG | Config.device_dict is {'XT1079': 'ZX1C3242JH'}--[device_monitor.py:28]
170424 15:47:35 DEBUG | get the device info: {'XT1079': 'ZX1C3242JH'}--[base.py:64]
170424 15:47:35 DEBUG | current device dict: {'XT1079': 'ZX1C3242JH'}--[device_monitor.py:27]
170424 15:47:35 DEBUG | Config.device_dict is {'XT1079': 'ZX1C3242JH'}--[device_monitor.py:28]
170424 15:47:40 DEBUG | get the device info: {'XT1079': 'ZX1C3242JH'}--[base.py:64]
170424 15:47:40 DEBUG | current device dict: {'XT1079': 'ZX1C3242JH'}--[device_monitor.py:27]
170424 15:47:40 DEBUG | Config.device_dict is {'XT1079': 'ZX1C3242JH'}--[device_monitor.py:28]
170424 15:47:45 DEBUG | get the device info: {'XT1079': 'ZX1C3242JH'}--[base.py:64]
170424 15:47:45 DEBUG | current device dict: {'XT1079': 'ZX1C3242JH'}--[device_monitor.py:27]
170424 15:47:45 DEBUG | Config.device_dict is {'XT1079': 'ZX1C3242JH'}--[device_monitor.py:28]
170424 15:47:50 DEBUG | get the device info: {'XT1079': 'ZX1C3242JH'}--[base.py:64]
170424 15:47:50 DEBUG | current device dict: {'XT1079': 'ZX1C3242JH'}--[device_monitor.py:27]
170424 15:47:50 DEBUG | Config.device_dict is {'XT1079': 'ZX1C3242JH'}--[device_monitor.py:28]
170424 15:47:55 DEBUG | get the device info: {'XT1079': 'ZX1C3242JH'}--[base.py:64]
170424 15:47:55 DEBUG | current device dict: {'XT1079': 'ZX1C3242JH'}--[device_monitor.py:27]
170424 15:47:55 DEBUG | Config.device_dict is {'XT1079': 'ZX1C3242JH'}--[device_monitor.py:28]
170424 15:48:00 DEBUG | get the device info: {'XT1079': 'ZX1C3242JH'}--[base.py:64]
170424 15:48:00 DEBUG | current device dict: {'XT1079': 'ZX1C3242JH'}--[device_monitor.py:27]
170424 15:48:00 DEBUG | Config.device_dict is {'XT1079': 'ZX1C3242JH'}--[device_monitor.py:28]
170424 15:48:03 INFO | monkey end with XT1079--[monkey.py:113]
170424 15:48:03 INFO | capture screen--[monkey.py:120]
170424 15:48:04 INFO | [ 50%] /sdcard/XT1079_04-24~15-45-24.png
[100%] /sdcard/XT1079_04-24~15-45-24.png--[monkey.py:127]
170424 15:48:04 INFO | deal_with_log--[monkey.py:136]
170424 15:48:04 INFO | 发送失败--[mail.py:51]
170424 15:48:04 INFO | Reboot XT1079--[monkey.py:169]
170424 15:48:05 INFO | All device lost--[base.py:42]
170424 15:48:05 DEBUG | current device dict: {}--[device_monitor.py:27]
170424 15:48:05 DEBUG | Config.device_dict is {'XT1079': 'ZX1C3242JH'}--[device_monitor.py:28]
170424 15:48:05 INFO | device lost--[device_monitor.py:37]
170424 15:48:10 INFO | All device lost--[base.py:42]
170424 15:48:10 DEBUG | current device dict: {}--[device_monitor.py:27]
170424 15:48:10 DEBUG | Config.device_dict is {}--[device_monitor.py:28]
170424 15:48:15 INFO | All device lost--[base.py:42]
170424 15:48:15 DEBUG | current device dict: {}--[device_monitor.py:27]
170424 15:48:15 DEBUG | Config.device_dict is {}--[device_monitor.py:28]
170424 15:48:20 INFO | All device lost--[base.py:42]
170424 15:48:20 DEBUG | current device dict: {}--[device_monitor.py:27]
170424 15:48:20 DEBUG | Config.device_dict is {}--[device_monitor.py:28]
170424 15:48:25 INFO | All device lost--[base.py:42]
170424 15:48:25 DEBUG | current device dict: {}--[device_monitor.py:27]
170424 15:48:25 DEBUG | Config.device_dict is {}--[device_monitor.py:28]
170424 15:48:30 INFO | All device lost--[base.py:42]
170424 15:48:30 DEBUG | current device dict: {}--[device_monitor.py:27]
170424 15:48:30 DEBUG | Config.device_dict is {}--[device_monitor.py:28]
170424 15:48:35 INFO | All device lost--[base.py:42]
170424 15:48:35 DEBUG | current device dict: {}--[device_monitor.py:27]
170424 15:48:35 DEBUG | Config.device_dict is {}--[device_monitor.py:28]
170424 15:48:40 INFO | All device lost--[base.py:42]
170424 15:48:40 DEBUG | current device dict: {}--[device_monitor.py:27]
170424 15:48:40 DEBUG | Config.device_dict is {}--[device_monitor.py:28]
170424 15:48:45 DEBUG | get the device info: {'XT1079': 'ZX1C3242JH'}--[base.py:64]
170424 15:48:45 DEBUG | current device dict: {'XT1079': 'ZX1C3242JH'}--[device_monitor.py:27]
170424 15:48:45 DEBUG | Config.device_dict is {}--[device_monitor.py:28]
170424 15:48:45 DEBUG | new device dict is: {'XT1079': 'ZX1C3242JH'}--[device_monitor.py:35]
170424 15:48:45 INFO | changed device: {'XT1079': 'ZX1C3242JH'}--[monkey.py:189]
170424 15:48:50 DEBUG | get the device info: {'XT1079': 'ZX1C3242JH'}--[base.py:64]
170424 15:48:50 DEBUG | current device dict: {'XT1079': 'ZX1C3242JH'}--[device_monitor.py:27]
170424 15:48:50 DEBUG | Config.device_dict is {'XT1079': 'ZX1C3242JH'}--[device_monitor.py:28]
170424 15:48:51 DEBUG | This system is Mac--[monkey_stop.py:60]
170424 15:48:51 INFO | no monkey running in XT1079--[monkey_stop.py:31]
170424 15:48:51 INFO | start monkey with XT1079--[monkey.py:101]
170424 15:48:51 INFO | Monkey cmd: /Users/Admin/Public/Android/sdk/platform-tools/adb -s ZX1C3242JH shell monkey -s 281 -p com.ijuyin.prints.news -v  --throttle 500 --pct-trackball 0 --pct-syskeys 5 --pct-nav 0 --pct-anyevent 0 1000   > /Users/Admin/Desktop/monkey_android-master/performance/monkey/monkeylog/2017-04-24/XT1079_04-24~15-48-51.txt--[monkey.py:108]
170424 15:48:55 DEBUG | get the device info: {'XT1079': 'ZX1C3242JH'}--[base.py:64]
170424 15:48:55 DEBUG | current device dict: {'XT1079': 'ZX1C3242JH'}--[device_monitor.py:27]
170424 15:48:55 DEBUG | Config.device_dict is {'XT1079': 'ZX1C3242JH'}--[device_monitor.py:28]
170424 15:49:00 DEBUG | get the device info: {'XT1079': 'ZX1C3242JH'}--[base.py:64]
170424 15:49:00 DEBUG | current device dict: {'XT1079': 'ZX1C3242JH'}--[device_monitor.py:27]
170424 15:49:00 DEBUG | Config.device_dict is {'XT1079': 'ZX1C3242JH'}--[device_monitor.py:28]
170424 15:49:05 DEBUG | get the device info: {'XT1079': 'ZX1C3242JH'}--[base.py:64]
170424 15:49:05 DEBUG | current device dict: {'XT1079': 'ZX1C3242JH'}--[device_monitor.py:27]
170424 15:49:05 DEBUG | Config.device_dict is {'XT1079': 'ZX1C3242JH'}--[device_monitor.py:28]
170424 15:49:10 DEBUG | get the device info: {'XT1079': 'ZX1C3242JH'}--[base.py:64]
170424 15:49:10 DEBUG | current device dict: {'XT1079': 'ZX1C3242JH'}--[device_monitor.py:27]
170424 15:49:10 DEBUG | Config.device_dict is {'XT1079': 'ZX1C3242JH'}--[device_monitor.py:28]
170424 15:49:15 DEBUG | get the device info: {'XT1079': 'ZX1C3242JH'}--[base.py:64]
170424 15:49:15 DEBUG | current device dict: {'XT1079': 'ZX1C3242JH'}--[device_monitor.py:27]
170424 15:49:15 DEBUG | Config.device_dict is {'XT1079': 'ZX1C3242JH'}--[device_monitor.py:28]
170424 15:49:20 DEBUG | get the device info: {'XT1079': 'ZX1C3242JH'}--[base.py:64]
170424 15:49:20 DEBUG | current device dict: {'XT1079': 'ZX1C3242JH'}--[device_monitor.py:27]
170424 15:49:20 DEBUG | Config.device_dict is {'XT1079': 'ZX1C3242JH'}--[device_monitor.py:28]
170424 15:49:25 DEBUG | get the device info: {'XT1079': 'ZX1C3242JH'}--[base.py:64]
170424 15:49:25 DEBUG | current device dict: {'XT1079': 'ZX1C3242JH'}--[device_monitor.py:27]
170424 15:49:25 DEBUG | Config.device_dict is {'XT1079': 'ZX1C3242JH'}--[device_monitor.py:28]
170424 15:49:30 DEBUG | get the device info: {'XT1079': 'ZX1C3242JH'}--[base.py:64]
170424 15:49:30 DEBUG | current device dict: {'XT1079': 'ZX1C3242JH'}--[device_monitor.py:27]
170424 15:49:30 DEBUG | Config.device_dict is {'XT1079': 'ZX1C3242JH'}--[device_monitor.py:28]
170424 15:49:36 DEBUG | get the device info: {'XT1079': 'ZX1C3242JH'}--[base.py:64]
170424 15:49:36 DEBUG | current device dict: {'XT1079': 'ZX1C3242JH'}--[device_monitor.py:27]
170424 15:49:36 DEBUG | Config.device_dict is {'XT1079': 'ZX1C3242JH'}--[device_monitor.py:28]
170424 15:49:41 DEBUG | get the device info: {'XT1079': 'ZX1C3242JH'}--[base.py:64]
170424 15:49:41 DEBUG | current device dict: {'XT1079': 'ZX1C3242JH'}--[device_monitor.py:27]
170424 15:49:41 DEBUG | Config.device_dict is {'XT1079': 'ZX1C3242JH'}--[device_monitor.py:28]
170424 15:49:46 DEBUG | get the device info: {'XT1079': 'ZX1C3242JH'}--[base.py:64]
170424 15:49:46 DEBUG | current device dict: {'XT1079': 'ZX1C3242JH'}--[device_monitor.py:27]
170424 15:49:46 DEBUG | Config.device_dict is {'XT1079': 'ZX1C3242JH'}--[device_monitor.py:28]
170424 15:49:51 DEBUG | get the device info: {'XT1079': 'ZX1C3242JH'}--[base.py:64]
170424 15:49:51 DEBUG | current device dict: {'XT1079': 'ZX1C3242JH'}--[device_monitor.py:27]
170424 15:49:51 DEBUG | Config.device_dict is {'XT1079': 'ZX1C3242JH'}--[device_monitor.py:28]
170424 15:49:56 DEBUG | get the device info: {'XT1079': 'ZX1C3242JH'}--[base.py:64]
170424 15:49:56 DEBUG | current device dict: {'XT1079': 'ZX1C3242JH'}--[device_monitor.py:27]
170424 15:49:56 DEBUG | Config.device_dict is {'XT1079': 'ZX1C3242JH'}--[device_monitor.py:28]
170424 15:50:01 DEBUG | get the device info: {'XT1079': 'ZX1C3242JH'}--[base.py:64]
170424 15:50:01 DEBUG | current device dict: {'XT1079': 'ZX1C3242JH'}--[device_monitor.py:27]
170424 15:50:01 DEBUG | Config.device_dict is {'XT1079': 'ZX1C3242JH'}--[device_monitor.py:28]
170424 15:50:06 DEBUG | get the device info: {'XT1079': 'ZX1C3242JH'}--[base.py:64]
170424 15:50:06 DEBUG | current device dict: {'XT1079': 'ZX1C3242JH'}--[device_monitor.py:27]
170424 15:50:06 DEBUG | Config.device_dict is {'XT1079': 'ZX1C3242JH'}--[device_monitor.py:28]
170424 15:50:11 DEBUG | get the device info: {'XT1079': 'ZX1C3242JH'}--[base.py:64]
170424 15:50:11 DEBUG | current device dict: {'XT1079': 'ZX1C3242JH'}--[device_monitor.py:27]
170424 15:50:11 DEBUG | Config.device_dict is {'XT1079': 'ZX1C3242JH'}--[device_monitor.py:28]
170424 15:50:16 DEBUG | get the device info: {'XT1079': 'ZX1C3242JH'}--[base.py:64]
170424 15:50:16 DEBUG | current device dict: {'XT1079': 'ZX1C3242JH'}--[device_monitor.py:27]
170424 15:50:16 DEBUG | Config.device_dict is {'XT1079': 'ZX1C3242JH'}--[device_monitor.py:28]
170424 15:50:21 DEBUG | get the device info: {'XT1079': 'ZX1C3242JH'}--[base.py:64]
170424 15:50:21 DEBUG | current device dict: {'XT1079': 'ZX1C3242JH'}--[device_monitor.py:27]
170424 15:50:21 DEBUG | Config.device_dict is {'XT1079': 'ZX1C3242JH'}--[device_monitor.py:28]
170424 15:50:26 DEBUG | get the device info: {'XT1079': 'ZX1C3242JH'}--[base.py:64]
170424 15:50:26 DEBUG | current device dict: {'XT1079': 'ZX1C3242JH'}--[device_monitor.py:27]
170424 15:50:26 DEBUG | Config.device_dict is {'XT1079': 'ZX1C3242JH'}--[device_monitor.py:28]
170424 15:50:31 DEBUG | get the device info: {'XT1079': 'ZX1C3242JH'}--[base.py:64]
170424 15:50:31 DEBUG | current device dict: {'XT1079': 'ZX1C3242JH'}--[device_monitor.py:27]
170424 15:50:31 DEBUG | Config.device_dict is {'XT1079': 'ZX1C3242JH'}--[device_monitor.py:28]
170424 15:50:36 DEBUG | get the device info: {'XT1079': 'ZX1C3242JH'}--[base.py:64]
170424 15:50:36 DEBUG | current device dict: {'XT1079': 'ZX1C3242JH'}--[device_monitor.py:27]
170424 15:50:36 DEBUG | Config.device_dict is {'XT1079': 'ZX1C3242JH'}--[device_monitor.py:28]
170424 15:50:41 DEBUG | get the device info: {'XT1079': 'ZX1C3242JH'}--[base.py:64]
170424 15:50:41 DEBUG | current device dict: {'XT1079': 'ZX1C3242JH'}--[device_monitor.py:27]
170424 15:50:41 DEBUG | Config.device_dict is {'XT1079': 'ZX1C3242JH'}--[device_monitor.py:28]
170424 15:50:46 DEBUG | get the device info: {'XT1079': 'ZX1C3242JH'}--[base.py:64]
170424 15:50:46 DEBUG | current device dict: {'XT1079': 'ZX1C3242JH'}--[device_monitor.py:27]
170424 15:50:46 DEBUG | Config.device_dict is {'XT1079': 'ZX1C3242JH'}--[device_monitor.py:28]
170424 15:50:51 DEBUG | get the device info: {'XT1079': 'ZX1C3242JH'}--[base.py:64]
170424 15:50:51 DEBUG | current device dict: {'XT1079': 'ZX1C3242JH'}--[device_monitor.py:27]
170424 15:50:51 DEBUG | Config.device_dict is {'XT1079': 'ZX1C3242JH'}--[device_monitor.py:28]
170424 15:50:56 DEBUG | get the device info: {'XT1079': 'ZX1C3242JH'}--[base.py:64]
170424 15:50:56 DEBUG | current device dict: {'XT1079': 'ZX1C3242JH'}--[device_monitor.py:27]
170424 15:50:56 DEBUG | Config.device_dict is {'XT1079': 'ZX1C3242JH'}--[device_monitor.py:28]
170424 15:51:01 DEBUG | get the device info: {'XT1079': 'ZX1C3242JH'}--[base.py:64]
170424 15:51:01 DEBUG | current device dict: {'XT1079': 'ZX1C3242JH'}--[device_monitor.py:27]
170424 15:51:01 DEBUG | Config.device_dict is {'XT1079': 'ZX1C3242JH'}--[device_monitor.py:28]
170424 15:51:06 DEBUG | get the device info: {'XT1079': 'ZX1C3242JH'}--[base.py:64]
170424 15:51:06 DEBUG | current device dict: {'XT1079': 'ZX1C3242JH'}--[device_monitor.py:27]
170424 15:51:06 DEBUG | Config.device_dict is {'XT1079': 'ZX1C3242JH'}--[device_monitor.py:28]
170424 15:51:11 DEBUG | get the device info: {'XT1079': 'ZX1C3242JH'}--[base.py:64]
170424 15:51:11 DEBUG | current device dict: {'XT1079': 'ZX1C3242JH'}--[device_monitor.py:27]
170424 15:51:11 DEBUG | Config.device_dict is {'XT1079': 'ZX1C3242JH'}--[device_monitor.py:28]
170424 15:51:17 DEBUG | get the device info: {'XT1079': 'ZX1C3242JH'}--[base.py:64]
170424 15:51:17 DEBUG | current device dict: {'XT1079': 'ZX1C3242JH'}--[device_monitor.py:27]
170424 15:51:17 DEBUG | Config.device_dict is {'XT1079': 'ZX1C3242JH'}--[device_monitor.py:28]
170424 15:51:22 DEBUG | get the device info: {'XT1079': 'ZX1C3242JH'}--[base.py:64]
170424 15:51:22 DEBUG | current device dict: {'XT1079': 'ZX1C3242JH'}--[device_monitor.py:27]
170424 15:51:22 DEBUG | Config.device_dict is {'XT1079': 'ZX1C3242JH'}--[device_monitor.py:28]
170424 15:51:27 DEBUG | get the device info: {'XT1079': 'ZX1C3242JH'}--[base.py:64]
170424 15:51:27 DEBUG | current device dict: {'XT1079': 'ZX1C3242JH'}--[device_monitor.py:27]
170424 15:51:27 DEBUG | Config.device_dict is {'XT1079': 'ZX1C3242JH'}--[device_monitor.py:28]
170424 15:51:29 INFO | monkey end with XT1079--[monkey.py:113]
170424 15:51:29 INFO | capture screen--[monkey.py:120]
170424 15:51:30 INFO | [100%] /sdcard/XT1079_04-24~15-48-51.png--[monkey.py:127]
170424 15:51:30 INFO | deal_with_log--[monkey.py:136]
170424 15:51:30 INFO | 发送失败--[mail.py:51]
170424 15:51:30 INFO | Reboot XT1079--[monkey.py:169]
170424 15:51:32 INFO | All device lost--[base.py:42]
170424 15:51:32 DEBUG | current device dict: {}--[device_monitor.py:27]
170424 15:51:32 DEBUG | Config.device_dict is {'XT1079': 'ZX1C3242JH'}--[device_monitor.py:28]
170424 15:51:32 INFO | device lost--[device_monitor.py:37]
170424 15:51:37 INFO | All device lost--[base.py:42]
170424 15:51:37 DEBUG | current device dict: {}--[device_monitor.py:27]
170424 15:51:37 DEBUG | Config.device_dict is {}--[device_monitor.py:28]
170424 15:51:42 INFO | All device lost--[base.py:42]
170424 15:51:42 DEBUG | current device dict: {}--[device_monitor.py:27]
170424 15:51:42 DEBUG | Config.device_dict is {}--[device_monitor.py:28]
